Library/Bee/Android/Prj/IL2CPP/Gradle/unityLibrary/build/intermediates/manifest_merge_blame_file/release/manifest-merger-blame-release-report.txt
1<?xml version="1.0" encoding="utf-8"?>
2<manifest xmlns:android="http://schemas.android.com/apk/res/android"
3    package="com.unity3d.player"
4    android:installLocation="auto"
5    android:versionCode="1"
6    android:versionName="0.1" >
7
8    <uses-sdk
9        android:minSdkVersion="29"
9-->src\main\AndroidManifest.xml
10        android:targetSdkVersion="30" />
10-->src\main\AndroidManifest.xml
11
12    <uses-feature
12-->src\main\AndroidManifest.xml:27:3-111
13        android:name="android.hardware.vr.headtracking"
13-->src\main\AndroidManifest.xml:27:17-64
14        android:required="true"
14-->src\main\AndroidManifest.xml:27:85-108
15        android:version="1" />
15-->src\main\AndroidManifest.xml:27:65-84
16    <uses-feature
16-->src\main\AndroidManifest.xml:28:3-88
17        android:name="oculus.software.handtracking"
17-->src\main\AndroidManifest.xml:28:17-60
18        android:required="false" />
18-->src\main\AndroidManifest.xml:28:61-85
19
20    <uses-permission android:name="com.oculus.permission.HAND_TRACKING" />
20-->src\main\AndroidManifest.xml:29:3-73
20-->src\main\AndroidManifest.xml:29:20-70
21
22    <uses-feature android:glEsVersion="0x00020000" />
22-->src\main\AndroidManifest.xml:30:3-52
22-->src\main\AndroidManifest.xml:30:17-49
23    <uses-feature android:name="android.hardware.vulkan.version" />
23-->src\main\AndroidManifest.xml:31:3-66
23-->src\main\AndroidManifest.xml:31:17-63
24
25    <uses-permission android:name="android.permission.INTERNET" />
25-->src\main\AndroidManifest.xml:32:3-65
25-->src\main\AndroidManifest.xml:32:20-62
26    <uses-permission android:name="android.permission.ACCESS_NETWORK_STATE" />
26-->src\main\AndroidManifest.xml:33:3-77
26-->src\main\AndroidManifest.xml:33:20-74
27    <uses-permission android:name="android.permission.RECORD_AUDIO" />
27-->src\main\AndroidManifest.xml:34:3-69
27-->src\main\AndroidManifest.xml:34:20-66
28    <uses-permission android:name="android.permission.MODIFY_AUDIO_SETTINGS" />
28-->src\main\AndroidManifest.xml:35:3-78
28-->src\main\AndroidManifest.xml:35:20-75
29
30    <uses-feature
30-->src\main\AndroidManifest.xml:36:3-87
31        android:name="android.hardware.microphone"
31-->src\main\AndroidManifest.xml:36:17-59
32        android:required="false" />
32-->src\main\AndroidManifest.xml:36:60-84
33    <uses-feature
33-->src\main\AndroidManifest.xml:37:3-88
34        android:name="android.hardware.touchscreen"
34-->src\main\AndroidManifest.xml:37:17-60
35        android:required="false" />
35-->src\main\AndroidManifest.xml:37:61-85
36    <uses-feature
36-->src\main\AndroidManifest.xml:38:3-99
37        android:name="android.hardware.touchscreen.multitouch"
37-->src\main\AndroidManifest.xml:38:17-71
38        android:required="false" />
38-->src\main\AndroidManifest.xml:38:72-96
39    <uses-feature
39-->src\main\AndroidManifest.xml:39:3-108
40        android:name="android.hardware.touchscreen.multitouch.distinct"
40-->src\main\AndroidManifest.xml:39:17-80
41        android:required="false" />
41-->src\main\AndroidManifest.xml:39:81-105
42
43    <application
43-->src\main\AndroidManifest.xml:3:3-26:17
44        android:allowBackup="false"
44-->src\main\AndroidManifest.xml:3:81-108
45        android:extractNativeLibs="true"
45-->src\main\AndroidManifest.xml:3:109-141
46        android:icon="@mipmap/app_icon"
46-->src\main\AndroidManifest.xml:3:49-80
47        android:label="@string/app_name"
47-->src\main\AndroidManifest.xml:3:16-48
48        android:networkSecurityConfig="@xml/network_sec_config" >
48-->src\main\AndroidManifest.xml:3:142-197
49        <activity
49-->src\main\AndroidManifest.xml:4:5-12:16
50            android:name="com.unity3d.player.UnityPlayerActivity"
50-->src\main\AndroidManifest.xml:4:80-133
51            android:configChanges="keyboard|keyboardHidden|navigation|orientation|screenLayout|screenSize|uiMode|density"
51-->src\main\AndroidManifest.xml:4:262-371
52            android:excludeFromRecents="true"
52-->src\main\AndroidManifest.xml:4:134-167
53            android:exported="true"
53-->src\main\AndroidManifest.xml:4:168-191
54            android:hardwareAccelerated="false"
54-->src\main\AndroidManifest.xml:4:407-442
55            android:launchMode="singleTask"
55-->src\main\AndroidManifest.xml:4:230-261
56            android:resizeableActivity="false"
56-->src\main\AndroidManifest.xml:4:372-406
57            android:screenOrientation="landscape"
57-->src\main\AndroidManifest.xml:4:192-229
58            android:theme="@android:style/Theme.Black.NoTitleBar.Fullscreen" >
58-->src\main\AndroidManifest.xml:4:15-79
59            <intent-filter>
59-->src\main\AndroidManifest.xml:5:7-9:23
60                <action android:name="android.intent.action.MAIN" />
60-->src\main\AndroidManifest.xml:6:9-61
60-->src\main\AndroidManifest.xml:6:17-58
61
62                <category android:name="android.intent.category.LAUNCHER" />
62-->src\main\AndroidManifest.xml:7:9-69
62-->src\main\AndroidManifest.xml:7:19-66
63                <category android:name="com.oculus.intent.category.VR" />
63-->src\main\AndroidManifest.xml:8:9-66
63-->src\main\AndroidManifest.xml:8:19-63
64            </intent-filter>
65
66            <meta-data
66-->src\main\AndroidManifest.xml:10:7-78
67                android:name="android.notch_support"
67-->src\main\AndroidManifest.xml:10:18-54
68                android:value="true" />
68-->src\main\AndroidManifest.xml:10:55-75
69            <meta-data
69-->src\main\AndroidManifest.xml:11:7-81
70                android:name="com.oculus.vr.focusaware"
70-->src\main\AndroidManifest.xml:11:18-57
71                android:value="true" />
71-->src\main\AndroidManifest.xml:11:58-78
72        </activity>
73
74        <meta-data
74-->src\main\AndroidManifest.xml:13:5-89
75            android:name="unityplayer.SkipPermissionsDialog"
75-->src\main\AndroidManifest.xml:13:16-64
76            android:value="false" />
76-->src\main\AndroidManifest.xml:13:65-86
77        <meta-data
77-->src\main\AndroidManifest.xml:14:5-97
78            android:name="com.samsung.android.vr.application.mode"
78-->src\main\AndroidManifest.xml:14:16-70
79            android:value="vr_only" />
79-->src\main\AndroidManifest.xml:14:71-94
80        <meta-data
80-->src\main\AndroidManifest.xml:15:5-87
81            android:name="com.oculus.handtracking.frequency"
81-->src\main\AndroidManifest.xml:15:16-64
82            android:value="LOW" />
82-->src\main\AndroidManifest.xml:15:65-84
83        <meta-data
83-->src\main\AndroidManifest.xml:16:5-69
84            android:name="unity.splash-mode"
84-->src\main\AndroidManifest.xml:16:16-48
85            android:value="0" />
85-->src\main\AndroidManifest.xml:16:49-66
86        <meta-data
86-->src\main\AndroidManifest.xml:17:5-74
87            android:name="unity.splash-enable"
87-->src\main\AndroidManifest.xml:17:16-50
88            android:value="True" />
88-->src\main\AndroidManifest.xml:17:51-71
89        <meta-data
89-->src\main\AndroidManifest.xml:18:5-78
90            android:name="unity.launch-fullscreen"
90-->src\main\AndroidManifest.xml:18:16-54
91            android:value="True" />
91-->src\main\AndroidManifest.xml:18:55-75
92        <meta-data
92-->src\main\AndroidManifest.xml:19:5-84
93            android:name="unity.allow-resizable-window"
93-->src\main\AndroidManifest.xml:19:16-59
94            android:value="False" />
94-->src\main\AndroidManifest.xml:19:60-81
95        <meta-data
95-->src\main\AndroidManifest.xml:20:5-81
96            android:name="notch.config"
96-->src\main\AndroidManifest.xml:20:16-43
97            android:value="portrait|landscape" />
97-->src\main\AndroidManifest.xml:20:44-78
98        <meta-data
98-->src\main\AndroidManifest.xml:21:5-86
99            android:name="com.oculus.handtracking.version"
99-->src\main\AndroidManifest.xml:21:16-62
100            android:value="V2.0" />
100-->src\main\AndroidManifest.xml:21:63-83
101        <meta-data
101-->src\main\AndroidManifest.xml:22:5-91
102            android:name="com.unity.xr.oculus.LowOverheadMode"
102-->src\main\AndroidManifest.xml:22:16-66
103            android:value="false" />
103-->src\main\AndroidManifest.xml:22:67-88
104        <meta-data
104-->src\main\AndroidManifest.xml:23:5-88
105            android:name="com.unity.xr.oculus.LateLatching"
105-->src\main\AndroidManifest.xml:23:16-63
106            android:value="false" />
106-->src\main\AndroidManifest.xml:23:64-85
107        <meta-data
107-->src\main\AndroidManifest.xml:24:5-93
108            android:name="com.unity.xr.oculus.LateLatchingDebug"
108-->src\main\AndroidManifest.xml:24:16-68
109            android:value="false" />
109-->src\main\AndroidManifest.xml:24:69-90
110        <meta-data
110-->src\main\AndroidManifest.xml:25:5-90
111            android:name="com.oculus.supportedDevices"
111-->src\main\AndroidManifest.xml:25:16-58
112            android:value="quest|quest2" />
112-->src\main\AndroidManifest.xml:25:59-87
113    </application>
114
115</manifest>